[05-Mar-2014 13:44:18 Europe/Moscow] PHP Parse error:  syntax error, unexpected T_VARIABLE in C:\MyIISServices\mantis\config_inc.php on line 17
[14-Mar-2014 15:23:15 Europe/Moscow] PHP Fatal error:  Call to undefined function bug_is_overdue_class() in C:\MyIISServices\mantis\bug_update_advanced_page.php on line 287
[14-Mar-2014 15:23:38 Europe/Moscow] PHP Fatal error:  Call to undefined function bug_is_overdue_class() in C:\MyIISServices\mantis\bug_update_advanced_page.php on line 287
[14-Mar-2014 15:27:45 Europe/Moscow] PHP Fatal error:  Call to undefined function bug_is_overdue_class() in C:\MyIISServices\mantis\bug_update_advanced_page.php on line 287
[14-Mar-2014 15:28:08 Europe/Moscow] PHP Fatal error:  Call to undefined function bug_is_overdue_class() in C:\MyIISServices\mantis\bug_update_advanced_page.php on line 287
[14-Mar-2014 15:29:13 Europe/Moscow] PHP Fatal error:  Call to undefined function bug_is_overdue_class() in C:\MyIISServices\mantis\bug_update_advanced_page.php on line 287
[17-Mar-2014 12:08:11 Europe/Moscow] PHP Fatal error:  Cannot redeclare bug_is_overdue_get_class() (previously declared in C:\MyIISServices\mantis\core\bug_api.php:878) in C:\MyIISServices\mantis\core\bug_api.php on line 948
[17-Mar-2014 12:08:30 Europe/Moscow] PHP Fatal error:  Cannot redeclare bug_is_overdue_get_class() (previously declared in C:\MyIISServices\mantis\core\bug_api.php:878) in C:\MyIISServices\mantis\core\bug_api.php on line 948
[17-Mar-2014 12:11:58 Europe/Moscow] PHP Fatal error:  Cannot redeclare bug_is_overdue_get_class() (previously declared in C:\MyIISServices\mantis\core\bug_api.php:878) in C:\MyIISServices\mantis\core\bug_api.php on line 948
[17-Mar-2014 13:01:22 Europe/Moscow] PHP Fatal error:  Cannot redeclare bug_is_overdue_get_class() (previously declared in C:\MyIISServices\mantis\core\bug_api.php:878) in C:\MyIISServices\mantis\core\bug_api.php on line 948
[18-Mar-2014 14:24:30 Europe/Moscow] PHP Fatal error:  Call to undefined function imagecreate() in C:\MyIISServices\mantis\plugins\MantisGraph\core\graph_api.php on line 916
[31-Mar-2014 14:31:26 Europe/Moscow] PHP Fatal error:  require_once(): Failed opening required 'jpgraph.php' (include_path='C:\MyIISServices\mantis\core\;C:\MyIISServices\mantis\library;.;C:\php\pear;C:\MyIISServices\mantis\plugins\MantisGraph\core\;c:\MyIISServices\mantis\my_add') in C:\MyIISServices\mantis\plugins\MantisGraph\core\graph_api.php on line 35
[31-Mar-2014 14:32:15 Europe/Moscow] PHP Fatal error:  require_once(): Failed opening required 'jpgraph.php' (include_path='C:\MyIISServices\mantis\core\;C:\MyIISServices\mantis\library;.;C:\php\pear;C:\MyIISServices\mantis\plugins\MantisGraph\core\;c:\MyIISServices\mantis\my_add\') in C:\MyIISServices\mantis\plugins\MantisGraph\core\graph_api.php on line 35
[02-Apr-2014 13:00:08 Europe/Moscow] PHP Parse error:  syntax error, unexpected ';', expecting T_FUNCTION in C:\MyIISServices\mantis\plugins\CubeObjectPower\CubeObjectPower.php on line 61
[02-Apr-2014 13:00:30 Europe/Moscow] PHP Parse error:  syntax error, unexpected ';', expecting T_FUNCTION in C:\MyIISServices\mantis\plugins\CubeObjectPower\CubeObjectPower.php on line 61
[02-Apr-2014 13:09:57 Europe/Moscow] PHP Parse error:  syntax error, unexpected ';', expecting T_FUNCTION in C:\MyIISServices\mantis\plugins\CubeObjectPower\CubeObjectPower.php on line 65
[02-Apr-2014 13:10:05 Europe/Moscow] PHP Parse error:  syntax error, unexpected ';', expecting T_FUNCTION in C:\MyIISServices\mantis\plugins\CubeObjectPower\CubeObjectPower.php on line 65
[02-Apr-2014 15:32:29 Europe/Moscow] PHP Fatal error:  require_once(): Failed opening required 'pages/api.php' (include_path='C:\MyIISServices\mantis\core\;C:\MyIISServices\mantis\library;.;C:\php\pear;C:\MyIISServices\mantis\plugins\MantisGraph\core\') in C:\MyIISServices\mantis\plugins\CubeObjectPower\CubeObjectPower.php on line 3
[02-Apr-2014 16:09:42 Europe/Moscow] PHP Fatal error:  Cannot redeclare class ReminderPlugin in C:\MyIISServices\mantis\plugins\CubeObjectPower\CubeObjectPower.php on line 52
[02-Apr-2014 16:10:02 Europe/Moscow] PHP Fatal error:  Cannot redeclare class ReminderPlugin in C:\MyIISServices\mantis\plugins\CubeObjectPower\CubeObjectPower.php on line 52
[02-Apr-2014 16:10:29 Europe/Moscow] PHP Fatal error:  Cannot redeclare class ReminderPlugin in C:\MyIISServices\mantis\plugins\CubeObjectPower\CubeObjectPower.php on line 52
[02-Apr-2014 16:12:13 Europe/Moscow] PHP Fatal error:  Cannot redeclare class ReminderPlugin in C:\MyIISServices\mantis\plugins\CubeObjectPower\CubeObjectPower.php on line 52
[03-Apr-2014 14:11:14 Europe/Moscow] PHP Fatal error:  require_once(): Failed opening required 'rpcl/rpcl.inc.php' (include_path='C:\MyIISServices\mantis\core\;C:\MyIISServices\mantis\library;.;C:\php\pear;C:\MyIISServices\mantis\plugins\MantisGraph\core\') in C:\MyIISServices\mantis\plugins\CubeObjectPower\pages\page_main.php on line 2
[03-Apr-2014 14:41:23 Europe/Moscow] PHP Fatal error:  require_once(): Failed opening required 'rpcl/rpcl.inc.php' (include_path='C:\MyIISServices\mantis\core\;C:\MyIISServices\mantis\library;.;C:\php\pear;C:\MyIISServices\mantis\plugins\MantisGraph\core\') in C:\MyIISServices\mantis\plugins\CubeObjectPower\pages\page_main.php on line 2
[03-Apr-2014 14:41:44 Europe/Moscow] PHP Fatal error:  require_once(): Failed opening required 'rpcl/rpcl.inc.php' (include_path='C:\MyIISServices\mantis\core\;C:\MyIISServices\mantis\library;.;C:\php\pear;C:\MyIISServices\mantis\plugins\MantisGraph\core\') in C:\MyIISServices\mantis\plugins\CubeObjectPower\pages\page_main.php on line 2
[08-Apr-2014 09:34:11 Europe/Moscow] PHP Fatal error:  require_once(): Failed opening required 'rpcl/rpcl.inc.php' (include_path='C:\MyIISServices\mantis\core\;C:\MyIISServices\mantis\library;.;C:\php\pear;C:\MyIISServices\mantis\plugins\MantisGraph\core\') in C:\MyIISServices\mantis\plugins\CubeObjectPower\pages\rpcl\jquery\jquery.inc.php on line 26
[08-Apr-2014 10:01:05 Europe/Moscow] PHP Fatal error:  require_once(): Failed opening required 'rpcl/rpcl.inc.php' (include_path='C:\MyIISServices\mantis\core\;C:\MyIISServices\mantis\library;.;C:\php\pear;C:\MyIISServices\mantis\plugins\MantisGraph\core\') in C:\MyIISServices\mantis\plugins\CubeObjectPower\pages\rpcl\jquery\jquery.inc.php on line 26
[09-Apr-2014 14:22:51 Europe/Moscow] PHP Parse error:  syntax error, unexpected ';', expecting T_FUNCTION in C:\MyIISServices\mantis\plugins\CubeObjectPower\pages\unit_page2.php on line 57
[09-Apr-2014 14:22:56 Europe/Moscow] PHP Parse error:  syntax error, unexpected ';', expecting T_FUNCTION in C:\MyIISServices\mantis\plugins\CubeObjectPower\pages\unit_page2.php on line 57
[09-Apr-2014 14:23:33 Europe/Moscow] PHP Parse error:  syntax error, unexpected ';', expecting T_FUNCTION in C:\MyIISServices\mantis\plugins\CubeObjectPower\pages\unit_page2.php on line 57
[09-Apr-2014 14:24:43 Europe/Moscow] PHP Parse error:  syntax error, unexpected ';', expecting T_FUNCTION in C:\MyIISServices\mantis\plugins\CubeObjectPower\pages\unit_page2.php on line 57
[09-Apr-2014 14:24:57 Europe/Moscow] PHP Parse error:  syntax error, unexpected ';', expecting T_FUNCTION in C:\MyIISServices\mantis\plugins\CubeObjectPower\pages\unit_page2.php on line 57
[09-Apr-2014 14:25:19 Europe/Moscow] PHP Parse error:  syntax error, unexpected ';', expecting T_FUNCTION in C:\MyIISServices\mantis\plugins\CubeObjectPower\pages\unit_page2.php on line 57
[09-Apr-2014 14:25:24 Europe/Moscow] PHP Parse error:  syntax error, unexpected ';', expecting T_FUNCTION in C:\MyIISServices\mantis\plugins\CubeObjectPower\pages\unit_page2.php on line 57
[09-Apr-2014 14:26:43 Europe/Moscow] PHP Parse error:  syntax error, unexpected ';', expecting T_FUNCTION in C:\MyIISServices\mantis\plugins\CubeObjectPower\pages\unit_page2.php on line 57
[09-Apr-2014 14:29:16 Europe/Moscow] PHP Parse error:  syntax error, unexpected ';', expecting T_FUNCTION in C:\MyIISServices\mantis\plugins\CubeObjectPower\pages\unit_page2.php on line 58
[10-Apr-2014 13:41:55 Europe/Moscow] PHP Parse error:  syntax error, unexpected T_STRING in C:\MyIISServices\mantis\plugins\CubeObjectPower\pages\page_main.php on line 122
[10-Apr-2014 13:42:06 Europe/Moscow] PHP Parse error:  syntax error, unexpected T_STRING in C:\MyIISServices\mantis\plugins\CubeObjectPower\pages\page_main.php on line 122
[18-Apr-2014 11:54:33 Europe/Moscow] PHP Parse error:  syntax error, unexpected $end in C:\MyIISServices\mantis\plugins\CubeObjectPower\pages\page_equipment_add.php(9) : eval()'d code on line 1
[18-Apr-2014 15:17:30 Europe/Moscow] PHP Parse error:  syntax error, unexpected ')' in C:\MyIISServices\mantis\plugins\CubeObjectPower\pages\page_equipment_add.php(9) : eval()'d code on line 1
[18-Apr-2014 15:17:33 Europe/Moscow] PHP Parse error:  syntax error, unexpected ')' in C:\MyIISServices\mantis\plugins\CubeObjectPower\pages\page_equipment_add.php(9) : eval()'d code on line 1
[18-Apr-2014 15:17:36 Europe/Moscow] PHP Parse error:  syntax error, unexpected ')' in C:\MyIISServices\mantis\plugins\CubeObjectPower\pages\page_equipment_add.php(9) : eval()'d code on line 1
[18-Apr-2014 15:17:48 Europe/Moscow] PHP Parse error:  syntax error, unexpected ')' in C:\MyIISServices\mantis\plugins\CubeObjectPower\pages\page_equipment_add.php(9) : eval()'d code on line 1
[18-Apr-2014 15:17:53 Europe/Moscow] PHP Parse error:  syntax error, unexpected ')' in C:\MyIISServices\mantis\plugins\CubeObjectPower\pages\page_equipment_add.php(9) : eval()'d code on line 1
[21-Apr-2014 11:49:34 Europe/Moscow] PHP Parse error:  syntax error, unexpected T_CONSTANT_ENCAPSED_STRING, expecting T_STRING in C:\MyIISServices\mantis\plugins\CubeObjectPower\pages\page_equipment_add.php on line 83
[21-Apr-2014 11:49:43 Europe/Moscow] PHP Parse error:  syntax error, unexpected T_CONSTANT_ENCAPSED_STRING, expecting T_STRING in C:\MyIISServices\mantis\plugins\CubeObjectPower\pages\page_equipment_add.php on line 83
[21-Apr-2014 11:49:45 Europe/Moscow] PHP Parse error:  syntax error, unexpected T_CONSTANT_ENCAPSED_STRING, expecting T_STRING in C:\MyIISServices\mantis\plugins\CubeObjectPower\pages\page_equipment_add.php on line 83
[21-Apr-2014 11:56:59 Europe/Moscow] PHP Parse error:  syntax error, unexpected T_STRING in C:\MyIISServices\mantis\plugins\CubeObjectPower\pages\page_equipment_add.php on line 140
[21-Apr-2014 14:16:41 Europe/Moscow] PHP Parse error:  syntax error, unexpected $end in C:\MyIISServices\mantis\plugins\CubeObjectPower\pages\forms_api.php on line 27
[21-Apr-2014 14:16:46 Europe/Moscow] PHP Parse error:  syntax error, unexpected $end in C:\MyIISServices\mantis\plugins\CubeObjectPower\pages\forms_api.php on line 27
[21-Apr-2014 14:18:42 Europe/Moscow] PHP Parse error:  syntax error, unexpected $end in C:\MyIISServices\mantis\plugins\CubeObjectPower\pages\page_equipment_add.php(37) : eval()'d code on line 1
[21-Apr-2014 14:36:18 Europe/Moscow] PHP Parse error:  syntax error, unexpected $end in C:\MyIISServices\mantis\plugins\CubeObjectPower\pages\page_equipment_add.php(37) : eval()'d code on line 1
[21-Apr-2014 14:38:06 Europe/Moscow] PHP Parse error:  syntax error, unexpected $end in C:\MyIISServices\mantis\plugins\CubeObjectPower\pages\page_equipment_add.php(37) : eval()'d code on line 1
[21-Apr-2014 14:41:15 Europe/Moscow] PHP Parse error:  syntax error, unexpected $end in C:\MyIISServices\mantis\plugins\CubeObjectPower\pages\page_equipment_add.php(37) : eval()'d code on line 1
[21-Apr-2014 14:42:43 Europe/Moscow] PHP Fatal error:  Call to undefined function frmAddKontroller() in C:\MyIISServices\mantis\plugins\CubeObjectPower\pages\page_equipment_add.php(37) : eval()'d code on line 1
[22-Apr-2014 10:08:52 Europe/Moscow] PHP Fatal error:  Call to undefined function undefinedundefined() in C:\MyIISServices\mantis\plugins\CubeObjectPower\pages\page_equipment_add.php(9) : eval()'d code on line 1
[22-Apr-2014 10:09:08 Europe/Moscow] PHP Fatal error:  Call to undefined function undefinedundefined() in C:\MyIISServices\mantis\plugins\CubeObjectPower\pages\page_equipment_add.php(9) : eval()'d code on line 1
[23-Apr-2014 13:18:39 Europe/Moscow] PHP Parse error:  syntax error, unexpected '}' in C:\MyIISServices\mantis\plugins\CubeObjectPower\pages\forms_api.php on line 92
[23-Apr-2014 13:18:53 Europe/Moscow] PHP Parse error:  syntax error, unexpected '}' in C:\MyIISServices\mantis\plugins\CubeObjectPower\pages\forms_api.php on line 92
[28-Apr-2014 11:08:57 Europe/Moscow] PHP Fatal error:  Non-abstract method MForm::f_init() must contain body in C:\MyIISServices\mantis\plugins\CubeObjectPower\pages\cop_forms_api.php on line 136
[28-Apr-2014 15:14:57 Europe/Moscow] PHP Fatal error:  Class 'MForm_undefined' not found in C:\MyIISServices\mantis\plugins\CubeObjectPower\pages\cop_forms_api.php(31) : eval()'d code on line 2
[28-Apr-2014 15:15:13 Europe/Moscow] PHP Fatal error:  Class 'MForm_undefined' not found in C:\MyIISServices\mantis\plugins\CubeObjectPower\pages\cop_forms_api.php(31) : eval()'d code on line 2
[28-Apr-2014 15:18:51 Europe/Moscow] PHP Fatal error:  Class 'MForm_undefined' not found in C:\MyIISServices\mantis\plugins\CubeObjectPower\pages\cop_forms_api.php(31) : eval()'d code on line 2
[28-Apr-2014 15:23:18 Europe/Moscow] PHP Fatal error:  Class 'MForm_t_equipment_type_pult' not found in C:\MyIISServices\mantis\plugins\CubeObjectPower\pages\cop_forms_api.php(31) : eval()'d code on line 2
[28-Apr-2014 15:23:28 Europe/Moscow] PHP Fatal error:  Class 'MForm_t_equipment_type_multipleksor' not found in C:\MyIISServices\mantis\plugins\CubeObjectPower\pages\cop_forms_api.php(31) : eval()'d code on line 2
[28-Apr-2014 15:29:13 Europe/Moscow] PHP Fatal error:  Class 'MForm_t_equipment_type_multipleksor' not found in C:\MyIISServices\mantis\plugins\CubeObjectPower\pages\cop_forms_api.php(31) : eval()'d code on line 2
[28-Apr-2014 15:30:42 Europe/Moscow] PHP Fatal error:  Cannot redeclare class MForm_t_equipment_type_pult in C:\MyIISServices\mantis\plugins\CubeObjectPower\pages\cop_forms_api.php on line 407
[28-Apr-2014 15:30:48 Europe/Moscow] PHP Fatal error:  Cannot redeclare class MForm_t_equipment_type_pult in C:\MyIISServices\mantis\plugins\CubeObjectPower\pages\cop_forms_api.php on line 407
[28-Apr-2014 15:30:50 Europe/Moscow] PHP Fatal error:  Cannot redeclare class MForm_t_equipment_type_pult in C:\MyIISServices\mantis\plugins\CubeObjectPower\pages\cop_forms_api.php on line 407
[28-Apr-2014 15:32:49 Europe/Moscow] PHP Fatal error:  Class 'MForm_' not found in C:\MyIISServices\mantis\plugins\CubeObjectPower\pages\cop_forms_api.php(31) : eval()'d code on line 2
[29-Apr-2014 15:37:51 Europe/Moscow] PHP Fatal error:  Call to undefined function f_show_root_insert() in C:\MyIISServices\mantis\plugins\CubeObjectPower\pages\cop_forms_api.php on line 299
[29-Apr-2014 15:39:11 Europe/Moscow] PHP Fatal error:  Call to undefined function f_show_root_insert() in C:\MyIISServices\mantis\plugins\CubeObjectPower\pages\cop_forms_api.php on line 299
[29-Apr-2014 15:40:48 Europe/Moscow] PHP Fatal error:  Call to undefined function f_show_root_insert() in C:\MyIISServices\mantis\plugins\CubeObjectPower\pages\cop_forms_api.php on line 375
