[05-Mar-2014 15:26:44 Europe/Moscow] PHP Parse error:  syntax error, unexpected T_CONSTANT_ENCAPSED_STRING in C:\MyIISServices\mantis\config_inc.php on line 58
[05-Mar-2014 15:26:55 Europe/Moscow] PHP Parse error:  syntax error, unexpected T_CONSTANT_ENCAPSED_STRING in C:\MyIISServices\mantis\config_inc.php on line 58
[05-Mar-2014 15:27:02 Europe/Moscow] PHP Parse error:  syntax error, unexpected T_CONSTANT_ENCAPSED_STRING in C:\MyIISServices\mantis\config_inc.php on line 58
[05-Mar-2014 15:27:34 Europe/Moscow] PHP Parse error:  syntax error, unexpected T_CONSTANT_ENCAPSED_STRING in C:\MyIISServices\mantis\config_inc.php on line 58
[05-Mar-2014 15:27:38 Europe/Moscow] PHP Parse error:  syntax error, unexpected T_CONSTANT_ENCAPSED_STRING in C:\MyIISServices\mantis\config_inc.php on line 58
[05-Mar-2014 15:30:27 Europe/Moscow] PHP Parse error:  syntax error, unexpected T_CONSTANT_ENCAPSED_STRING in C:\MyIISServices\mantis\config_inc.php on line 58
[05-Mar-2014 15:30:31 Europe/Moscow] PHP Parse error:  syntax error, unexpected T_CONSTANT_ENCAPSED_STRING in C:\MyIISServices\mantis\config_inc.php on line 58
[05-Mar-2014 15:30:36 Europe/Moscow] PHP Parse error:  syntax error, unexpected T_CONSTANT_ENCAPSED_STRING in C:\MyIISServices\mantis\config_inc.php on line 58
[05-Mar-2014 15:43:38 Europe/Moscow] 2014-03-05 15:43 MSK mail ERROR: Message could not be sent - SMTP Error: Could not authenticate.

[05-Mar-2014 15:51:29 Europe/Moscow] 2014-03-05 15:51 MSK mail ERROR: Message could not be sent - SMTP Error: Could not authenticate.

[05-Mar-2014 15:57:07 Europe/Moscow] PHP Parse error:  syntax error, unexpected $end in C:\MyIISServices\mantis\config_inc.php on line 80
[05-Mar-2014 16:08:25 Europe/Moscow] 2014-03-05 16:08 MSK mail ERROR: Message could not be sent - SMTP Error: Could not authenticate.

[05-Mar-2014 16:14:00 Europe/Moscow] 2014-03-05 16:14 MSK mail ERROR: Message could not be sent - SMTP Error: Could not authenticate.

[05-Mar-2014 16:27:34 Europe/Moscow] 2014-03-05 16:27 MSK mail ERROR: Message could not be sent - SMTP Error: Could not authenticate.

[05-Mar-2014 16:29:04 Europe/Moscow] 2014-03-05 16:29 MSK mail ERROR: Message could not be sent - SMTP Error: Could not authenticate.

[05-Mar-2014 16:50:09 Europe/Moscow] PHP Warning:  mail(): "sendmail_from" not set in php.ini or custom "From:" header missing in C:\MyIISServices\mantis\admin\my_test_mail.php on line 2
[05-Mar-2014 16:51:18 Europe/Moscow] PHP Warning:  mail(): "sendmail_from" not set in php.ini or custom "From:" header missing in C:\MyIISServices\mantis\admin\my_test_mail.php on line 2
[06-Mar-2014 10:41:21 Europe/Moscow] PHP Warning:  mail(): "sendmail_from" not set in php.ini or custom "From:" header missing in C:\MyIISServices\mantis\admin\my_test_mail.php on line 2
[06-Mar-2014 10:43:29 Europe/Moscow] PHP Warning:  mail(): SMTP server response: 550 5.7.1 Unable to relay for maa@osa.vaso.ru in C:\MyIISServices\mantis\admin\my_test_mail.php on line 2
[06-Mar-2014 10:44:18 Europe/Moscow] PHP Warning:  mail(): SMTP server response: 550 5.7.1 Unable to relay for maa@osa.vaso.ru in C:\MyIISServices\mantis\admin\my_test_mail.php on line 2
[06-Mar-2014 10:44:23 Europe/Moscow] PHP Warning:  mail(): SMTP server response: 550 5.7.1 Unable to relay for maa@osa.vaso.ru in C:\MyIISServices\mantis\admin\my_test_mail.php on line 2
[06-Mar-2014 10:44:24 Europe/Moscow] PHP Warning:  mail(): SMTP server response: 550 5.7.1 Unable to relay for maa@osa.vaso.ru in C:\MyIISServices\mantis\admin\my_test_mail.php on line 2
[06-Mar-2014 10:45:56 Europe/Moscow] PHP Warning:  mail(): "sendmail_from" not set in php.ini or custom "From:" header missing in C:\MyIISServices\mantis\admin\my_test_mail.php on line 3
[06-Mar-2014 10:45:57 Europe/Moscow] PHP Warning:  mail(): "sendmail_from" not set in php.ini or custom "From:" header missing in C:\MyIISServices\mantis\admin\my_test_mail.php on line 3
[06-Mar-2014 11:00:32 Europe/Moscow] PHP Warning:  mail(): SMTP server response: 550 5.7.1 Unable to relay for maa@osa.vaso.ru in C:\MyIISServices\mantis\admin\my_test_mail.php on line 2
[06-Mar-2014 11:00:33 Europe/Moscow] PHP Warning:  mail(): SMTP server response: 550 5.7.1 Unable to relay for maa@osa.vaso.ru in C:\MyIISServices\mantis\admin\my_test_mail.php on line 2
[06-Mar-2014 11:00:35 Europe/Moscow] PHP Warning:  mail(): SMTP server response: 550 5.7.1 Unable to relay for maa@osa.vaso.ru in C:\MyIISServices\mantis\admin\my_test_mail.php on line 2
[06-Mar-2014 11:00:36 Europe/Moscow] PHP Warning:  mail(): SMTP server response: 550 5.7.1 Unable to relay for maa@osa.vaso.ru in C:\MyIISServices\mantis\admin\my_test_mail.php on line 2
